<?xml version="1.0" encoding="UTF-8"?>
<!-- Generated by org.testng.reporters.JUnitReportReporter -->
<testsuite hostname="DESKTOP-ES6GPGC" failures="0" tests="3" name="testcase.Tc_login_1" time="15.699" errors="0" timestamp="2024-05-31T22:39:04 IST" skipped="0">
  <testcase classname="testcase.Tc_login_1" name="loginn" time="3.701"/>
  <system-out>
    <![CDATA[username and pasword entered succesfully
loged  succesfully]]>
  </system-out>
  <testcase classname="testcase.Tc_login_1" name="loginn" time="8.625"/>
  <system-out>
    <![CDATA[username and pasword entered succesfully
loged  succesfully]]>
  </system-out>
  <testcase classname="testcase.Tc_login_1" name="loginn" time="3.373"/>
  <system-out>
    <![CDATA[username and pasword entered succesfully
loged  succesfully]]>
  </system-out>
</testsuite> <!-- testcase.Tc_login_1 -->
