<?xml version="1.0" encoding="UTF-8"?>
<!-- Generated by org.testng.reporters.JUnitReportReporter -->
<testsuite hostname="DESKTOP-ES6GPGC" failures="0" tests="3" name="testcase.DD_login_1" time="15.235" errors="0" timestamp="2024-06-02T07:01:28 IST" skipped="0">
  <testcase classname="testcase.DD_login_1" name="loginn" time="3.498"/>
  <system-out>
    <![CDATA[username and pasword entered succesfully
loged  succesfully]]>
  </system-out>
  <testcase classname="testcase.DD_login_1" name="loginn" time="8.377"/>
  <system-out>
    <![CDATA[username and pasword entered succesfully
loged  succesfully]]>
  </system-out>
  <testcase classname="testcase.DD_login_1" name="loginn" time="3.360"/>
  <system-out>
    <![CDATA[username and pasword entered succesfully
loged  succesfully]]>
  </system-out>
</testsuite> <!-- testcase.DD_login_1 -->
